# JRE version: OpenJDK Runtime Environment Corretto-17.0.8.8.1 (17.0.8.1+8) (build 17.0.8.1+8-LTS)
# Java VM: OpenJDK 64-Bit Server VM Corretto-17.0.8.8.1 (17.0.8.1+8-LTS, mixed mode, emulated-client, sharing, tiered, compressed oops, compressed class ptrs, g1 gc, windows-amd64)
GC Precious Log:
 CPUs: 12 total, 12 available
 Memory: 32635M
 Large Page Support: Disabled
 NUMA Support: Disabled
 Compressed Oops: Enabled (Zero based)
 Heap Region Size: 4M
 Heap Min Capacity: 8M
 Heap Initial Capacity: 512M
 Heap Max Capacity: 8160M
 Pre-touch: Disabled
 Parallel Workers: 10
 Concurrent Workers: 3
 Concurrent Refinement Workers: 10
 Periodic GC: Disabled
Heap:
 garbage-first heap   total 81920K, used 26455K [0x0000000602000000, 0x0000000800000000)
  region size 4096K, 1 young (4096K), 1 survivors (4096K)
 Metaspace       used 35962K, committed 36416K, reserved 1114112K
  class space    used 5084K, committed 5312K, reserved 1048576K
GC Heap History (19 events):
Event: 0.592 GC heap before
{Heap before GC invocations=0 (full 0):
 garbage-first heap   total 524288K, used 20480K [0x0000000602000000, 0x0000000800000000)
  region size 4096K, 6 young (24576K), 0 survivors (0K)
 Metaspace       used 3938K, committed 4160K, reserved 1114112K
  class space    used 490K, committed 576K, reserved 1048576K
}
Event: 0.595 GC heap after
{Heap after GC invocations=1 (full 0):
 garbage-first heap   total 524288K, used 10245K [0x0000000602000000, 0x0000000800000000)
  region size 4096K, 1 young (4096K), 1 survivors (4096K)
 Metaspace       used 3938K, committed 4160K, reserved 1114112K
  class space    used 490K, committed 576K, reserved 1048576K
}
Event: 1.070 GC heap before
{Heap before GC invocations=1 (full 0):
 garbage-first heap   total 524288K, used 30725K [0x0000000602000000, 0x0000000800000000)
  region size 4096K, 6 young (24576K), 1 survivors (4096K)
 Metaspace       used 8693K, committed 8896K, reserved 1114112K
  class space    used 1118K, committed 1216K, reserved 1048576K
}
Event: 1.072 GC heap after
{Heap after GC invocations=2 (full 0):
 garbage-first heap   total 524288K, used 11853K [0x0000000602000000, 0x0000000800000000)
  region size 4096K, 1 young (4096K), 1 survivors (4096K)
 Metaspace       used 8693K, committed 8896K, reserved 1114112K
  class space    used 1118K, committed 1216K, reserved 1048576K
}
Event: 2.651 GC heap before
{Heap before GC invocations=2 (full 0):
 garbage-first heap   total 524288K, used 65101K [0x0000000602000000, 0x0000000800000000)
  region size 4096K, 14 young (57344K), 1 survivors (4096K)
 Metaspace       used 17540K, committed 17856K, reserved 1114112K
  class space    used 2455K, committed 2624K, reserved 1048576K
}
Event: 2.653 GC heap after
{Heap after GC invocations=3 (full 0):
 garbage-first heap   total 524288K, used 14675K [0x0000000602000000, 0x0000000800000000)
  region size 4096K, 2 young (8192K), 2 survivors (8192K)
 Metaspace       used 17540K, committed 17856K, reserved 1114112K
  class space    used 2455K, committed 2624K, reserved 1048576K
}
Event: 2.797 GC heap before
{Heap before GC invocations=3 (full 0):
 garbage-first heap   total 524288K, used 43347K [0x0000000602000000, 0x0000000800000000)
  region size 4096K, 10 young (40960K), 2 survivors (8192K)
 Metaspace       used 21272K, committed 21504K, reserved 1114112K
  class space    used 2891K, committed 3008K, reserved 1048576K
}
Event: 2.800 GC heap after
{Heap after GC invocations=4 (full 0):
 garbage-first heap   total 524288K, used 16859K [0x0000000602000000, 0x0000000800000000)
  region size 4096K, 2 young (8192K), 2 survivors (8192K)
 Metaspace       used 21272K, committed 21504K, reserved 1114112K
  class space    used 2891K, committed 3008K, reserved 1048576K
}
Event: 3.165 GC heap before
{Heap before GC invocations=5 (full 0):
 garbage-first heap   total 81920K, used 57819K [0x0000000602000000, 0x0000000800000000)
  region size 4096K, 12 young (49152K), 2 survivors (8192K)
 Metaspace       used 24514K, committed 24832K, reserved 1114112K
  class space    used 3339K, committed 3520K, reserved 1048576K
}
Event: 3.170 GC heap after
{Heap after GC invocations=6 (full 0):
 garbage-first heap   total 81920K, used 19602K [0x0000000602000000, 0x0000000800000000)
  region size 4096K, 2 young (8192K), 2 survivors (8192K)
 Metaspace       used 24514K, committed 24832K, reserved 1114112K
  class space    used 3339K, committed 3520K, reserved 1048576K
}
Event: 3.212 GC heap before
{Heap before GC invocations=6 (full 0):
 garbage-first heap   total 81920K, used 23698K [0x0000000602000000, 0x0000000800000000)
  region size 4096K, 3 young (12288K), 2 survivors (8192K)
 Metaspace       used 24649K, committed 24960K, reserved 1114112K
  class space    used 3353K, committed 3520K, reserved 1048576K
}
Event: 3.217 GC heap after
{Heap after GC invocations=7 (full 0):
 garbage-first heap   total 81920K, used 20371K [0x0000000602000000, 0x0000000800000000)
  region size 4096K, 1 young (4096K), 1 survivors (4096K)
 Metaspace       used 24649K, committed 24960K, reserved 1114112K
  class space    used 3353K, committed 3520K, reserved 1048576K
}
Event: 3.698 GC heap before
{Heap before GC invocations=7 (full 0):
 garbage-first heap   total 81920K, used 49043K [0x0000000602000000, 0x0000000800000000)
  region size 4096K, 9 young (36864K), 1 survivors (4096K)
 Metaspace       used 28111K, committed 28480K, reserved 1114112K
  class space    used 3852K, committed 4032K, reserved 1048576K
}
Event: 3.702 GC heap after
{Heap after GC invocations=8 (full 0):
 garbage-first heap   total 81920K, used 21433K [0x0000000602000000, 0x0000000800000000)
  region size 4096K, 1 young (4096K), 1 survivors (4096K)
 Metaspace       used 28111K, committed 28480K, reserved 1114112K
  class space    used 3852K, committed 4032K, reserved 1048576K
}
Event: 4.327 GC heap before
{Heap before GC invocations=8 (full 0):
 garbage-first heap   total 81920K, used 54201K [0x0000000602000000, 0x0000000800000000)
  region size 4096K, 9 young (36864K), 1 survivors (4096K)
 Metaspace       used 31506K, committed 31872K, reserved 1114112K
  class space    used 4417K, committed 4608K, reserved 1048576K
}
Event: 4.332 GC heap after
{Heap after GC invocations=9 (full 0):
 garbage-first heap   total 81920K, used 23032K [0x0000000602000000, 0x0000000800000000)
  region size 4096K, 1 young (4096K), 1 survivors (4096K)
 Metaspace       used 31506K, committed 31872K, reserved 1114112K
  class space    used 4417K, committed 4608K, reserved 1048576K
}
Event: 4.993 GC heap before
{Heap before GC invocations=9 (full 0):
 garbage-first heap   total 81920K, used 59896K [0x0000000602000000, 0x0000000800000000)
  region size 4096K, 10 young (40960K), 1 survivors (4096K)
 Metaspace       used 35305K, committed 35776K, reserved 1114112K
  class space    used 5016K, committed 5248K, reserved 1048576K
}
Event: 5.002 GC heap after
{Heap after GC invocations=10 (full 0):
 garbage-first heap   total 81920K, used 25965K [0x0000000602000000, 0x0000000800000000)
  region size 4096K, 2 young (8192K), 2 survivors (8192K)
 Metaspace       used 35305K, committed 35776K, reserved 1114112K
  class space    used 5016K, committed 5248K, reserved 1048576K
}
Event: 5.100 GC heap before
{Heap before GC invocations=10 (full 0):
 garbage-first heap   total 81920K, used 25965K [0x0000000602000000, 0x0000000800000000)
  region size 4096K, 3 young (12288K), 2 survivors (8192K)
 Metaspace       used 35962K, committed 36416K, reserved 1114112K
  class space    used 5084K, committed 5312K, reserved 1048576K
}

